{"C:\\Users\\okafo\\OneDrive\\Documents\\indicina test\\server\\models\\Url.js": {"path":"C:\\Users\\okafo\\OneDrive\\Documents\\indicina test\\server\\models\\Url.js","statementMap":{"0":{"start":{"line":1,"column":17},"end":{"line":1,"column":36}},"1":{"start":{"line":3,"column":18},"end":{"line":21,"column":2}},"2":{"start":{"line":23,"column":0},"end":{"line":23,"column":50}}},"fnMap":{},"branchMap":{},"s":{"0":5,"1":5,"2":5},"f":{},"b":{},"_coverageSchema":"1a1c01bbd47fc00a2c39e90264f33305004495a9","hash":"77554855cfe8ed991b543cd7c80fa71cc838bb9f"}
,"C:\\Users\\okafo\\OneDrive\\Documents\\indicina test\\server\\routes\\urlRoutes.js": {"path":"C:\\Users\\okafo\\OneDrive\\Documents\\indicina test\\server\\routes\\urlRoutes.js","statementMap":{"0":{"start":{"line":1,"column":16},"end":{"line":1,"column":34}},"1":{"start":{"line":2,"column":15},"end":{"line":2,"column":31}},"2":{"start":{"line":3,"column":12},"end":{"line":3,"column":36}},"3":{"start":{"line":4,"column":16},"end":{"line":4,"column":34}},"4":{"start":{"line":7,"column":0},"end":{"line":23,"column":3}},"5":{"start":{"line":8,"column":28},"end":{"line":8,"column":36}},"6":{"start":{"line":9,"column":4},"end":{"line":22,"column":5}},"7":{"start":{"line":11,"column":27},"end":{"line":11,"column":45}},"8":{"start":{"line":13,"column":20},"end":{"line":16,"column":10}},"9":{"start":{"line":17,"column":8},"end":{"line":17,"column":25}},"10":{"start":{"line":18,"column":8},"end":{"line":18,"column":34}},"11":{"start":{"line":20,"column":8},"end":{"line":20,"column":52}},"12":{"start":{"line":21,"column":8},"end":{"line":21,"column":56}},"13":{"start":{"line":26,"column":0},"end":{"line":35,"column":2}},"14":{"start":{"line":27,"column":4},"end":{"line":34,"column":5}},"15":{"start":{"line":29,"column":21},"end":{"line":29,"column":72}},"16":{"start":{"line":30,"column":8},"end":{"line":30,"column":35}},"17":{"start":{"line":32,"column":8},"end":{"line":32,"column":53}},"18":{"start":{"line":33,"column":8},"end":{"line":33,"column":52}},"19":{"start":{"line":38,"column":0},"end":{"line":55,"column":3}},"20":{"start":{"line":39,"column":27},"end":{"line":39,"column":37}},"21":{"start":{"line":40,"column":4},"end":{"line":54,"column":5}},"22":{"start":{"line":42,"column":25},"end":{"line":42,"column":68}},"23":{"start":{"line":43,"column":8},"end":{"line":45,"column":9}},"24":{"start":{"line":44,"column":12},"end":{"line":44,"column":74}},"25":{"start":{"line":47,"column":8},"end":{"line":47,"column":26}},"26":{"start":{"line":48,"column":8},"end":{"line":48,"column":24}},"27":{"start":{"line":50,"column":8},"end":{"line":50,"column":39}},"28":{"start":{"line":52,"column":8},"end":{"line":52,"column":67}},"29":{"start":{"line":53,"column":8},"end":{"line":53,"column":56}},"30":{"start":{"line":58,"column":0},"end":{"line":74,"column":3}},"31":{"start":{"line":59,"column":29},"end":{"line":59,"column":37}},"32":{"start":{"line":60,"column":27},"end":{"line":60,"column":49}},"33":{"start":{"line":61,"column":4},"end":{"line":72,"column":5}},"34":{"start":{"line":63,"column":25},"end":{"line":63,"column":72}},"35":{"start":{"line":64,"column":8},"end":{"line":66,"column":9}},"36":{"start":{"line":65,"column":12},"end":{"line":65,"column":68}},"37":{"start":{"line":68,"column":8},"end":{"line":68,"column":51}},"38":{"start":{"line":70,"column":8},"end":{"line":70,"column":61}},"39":{"start":{"line":71,"column":8},"end":{"line":71,"column":56}},"40":{"start":{"line":77,"column":0},"end":{"line":91,"column":3}},"41":{"start":{"line":79,"column":4},"end":{"line":90,"column":5}},"42":{"start":{"line":80,"column":25},"end":{"line":80,"column":44}},"43":{"start":{"line":82,"column":27},"end":{"line":82,"column":68}},"44":{"start":{"line":83,"column":8},"end":{"line":85,"column":9}},"45":{"start":{"line":84,"column":12},"end":{"line":84,"column":75}},"46":{"start":{"line":86,"column":8},"end":{"line":86,"column":41}},"47":{"start":{"line":88,"column":8},"end":{"line":88,"column":59}},"48":{"start":{"line":89,"column":8},"end":{"line":89,"column":65}},"49":{"start":{"line":93,"column":0},"end":{"line":93,"column":24}}},"fnMap":{"0":{"name":"(anonymous_0)","decl":{"start":{"line":7,"column":23},"end":{"line":7,"column":24}},"loc":{"start":{"line":7,"column":43},"end":{"line":23,"column":1}},"line":7},"1":{"name":"(anonymous_1)","decl":{"start":{"line":26,"column":20},"end":{"line":26,"column":21}},"loc":{"start":{"line":26,"column":40},"end":{"line":35,"column":1}},"line":26},"2":{"name":"(anonymous_2)","decl":{"start":{"line":38,"column":27},"end":{"line":38,"column":28}},"loc":{"start":{"line":38,"column":47},"end":{"line":55,"column":1}},"line":38},"3":{"name":"(anonymous_3)","decl":{"start":{"line":58,"column":23},"end":{"line":58,"column":24}},"loc":{"start":{"line":58,"column":43},"end":{"line":74,"column":1}},"line":58},"4":{"name":"(anonymous_4)","decl":{"start":{"line":77,"column":35},"end":{"line":77,"column":36}},"loc":{"start":{"line":77,"column":55},"end":{"line":91,"column":1}},"line":77}},"branchMap":{"0":{"loc":{"start":{"line":43,"column":8},"end":{"line":45,"column":9}},"type":"if","locations":[{"start":{"line":43,"column":8},"end":{"line":45,"column":9}},{"start":{},"end":{}}],"line":43},"1":{"loc":{"start":{"line":64,"column":8},"end":{"line":66,"column":9}},"type":"if","locations":[{"start":{"line":64,"column":8},"end":{"line":66,"column":9}},{"start":{},"end":{}}],"line":64},"2":{"loc":{"start":{"line":83,"column":8},"end":{"line":85,"column":9}},"type":"if","locations":[{"start":{"line":83,"column":8},"end":{"line":85,"column":9}},{"start":{},"end":{}}],"line":83}},"s":{"0":5,"1":5,"2":5,"3":5,"4":5,"5":2,"6":0,"7":0,"8":0,"9":0,"10":0,"11":0,"12":0,"13":5,"14":2,"15":2,"16":0,"17":1,"18":1,"19":5,"20":3,"21":3,"22":3,"23":0,"24":0,"25":0,"26":0,"27":0,"28":1,"29":1,"30":5,"31":3,"32":0,"33":0,"34":0,"35":0,"36":0,"37":0,"38":0,"39":0,"40":5,"41":0,"42":0,"43":0,"44":0,"45":0,"46":0,"47":0,"48":0,"49":5},"f":{"0":2,"1":2,"2":3,"3":3,"4":0},"b":{"0":[0,0],"1":[0,0],"2":[0,0]},"_coverageSchema":"1a1c01bbd47fc00a2c39e90264f33305004495a9","hash":"1e4db119caf8e2cab330c5e71e652b4a49623038"}
}
