TN:
SF:models\Url.js
FNF:0
FNH:0
DA:1,5
DA:3,5
DA:23,5
LF:3
LH:3
BRF:0
BRH:0
end_of_record
TN:
SF:routes\urlRoutes.js
FN:7,(anonymous_0)
FN:26,(anonymous_1)
FN:38,(anonymous_2)
FN:58,(anonymous_3)
FN:77,(anonymous_4)
FNF:5
FNH:4
FNDA:2,(anonymous_0)
FNDA:2,(anonymous_1)
FNDA:3,(anonymous_2)
FNDA:3,(anonymous_3)
FNDA:0,(anonymous_4)
DA:1,5
DA:2,5
DA:3,5
DA:4,5
DA:7,5
DA:8,2
DA:9,0
DA:11,0
DA:13,0
DA:17,0
DA:18,0
DA:20,0
DA:21,0
DA:26,5
DA:27,2
DA:29,2
DA:30,0
DA:32,1
DA:33,1
DA:38,5
DA:39,3
DA:40,3
DA:42,3
DA:43,0
DA:44,0
DA:47,0
DA:48,0
DA:50,0
DA:52,1
DA:53,1
DA:58,5
DA:59,3
DA:60,0
DA:61,0
DA:63,0
DA:64,0
DA:65,0
DA:68,0
DA:70,0
DA:71,0
DA:77,5
DA:79,0
DA:80,0
DA:82,0
DA:83,0
DA:84,0
DA:86,0
DA:88,0
DA:89,0
DA:93,5
LF:50
LH:21
BRDA:43,0,0,0
BRDA:43,0,1,0
BRDA:64,1,0,0
BRDA:64,1,1,0
BRDA:83,2,0,0
BRDA:83,2,1,0
BRF:6
BRH:0
end_of_record
